<?xml version="1.0" encoding="UTF-8"?>
<!-- Generated by org.testng.reporters.JUnitReportReporter -->
<testsuite hostname="DESKTOP-9CBO6H9" failures="0" tests="1" name="com.testng.test.BaiscsofTestNg" time="0.003" errors="0" timestamp="12 Jan 2021 11:56:12 GMT" skipped="0">
  <testcase classname="com.testng.test.BaiscsofTestNg" name="ThirdMethod" time="0.003"/>
</testsuite> <!-- com.testng.test.BaiscsofTestNg -->
