<?xml version="1.0" encoding="UTF-8"?>
<!-- Generated by org.testng.reporters.JUnitReportReporter -->
<testsuite hostname="DESKTOP-9CBO6H9" failures="0" tests="7" name="com.testng.test.WebLogin" time="0.010" errors="0" timestamp="12 Jan 2021 11:56:36 GMT" skipped="1">
  <testcase classname="com.testng.test.WebLogin" name="Mobilelogout" time="0.001"/>
  <testcase classname="com.testng.test.WebLogin" name="Mobile3" time="0.001"/>
  <testcase classname="com.testng.test.WebLogin" name="FirstMethod" time="0.006"/>
  <testcase classname="com.testng.test.WebLogin" name="Mobilelogout" time="0.001"/>
  <testcase classname="com.testng.test.WebLogin" name="Mobilelogout" time="0.001"/>
  <testcase classname="com.testng.test.WebLogin" name="Mobile2" time="0.000"/>
  <testcase classname="com.testng.test.WebLogin" name="Mobile1">
    <skipped/>
  </testcase> <!-- Mobile1 -->
</testsuite> <!-- com.testng.test.WebLogin -->
